<?xml version="1.0" encoding="UTF-8"?>
<!-- Generated by org.testng.reporters.JUnitReportReporter -->
<testsuite hostname="DESKTOP-782IHJC" failures="0" tests="1" name="tests.NewCustomerTest" time="22.804" errors="0" timestamp="2024-10-21T19:44:26 EEST" skipped="0">
  <testcase classname="tests.NewCustomerTest" name="NewCustomerData" time="22.804"/>
</testsuite> <!-- tests.NewCustomerTest -->
