<?xml version="1.0" encoding="UTF-8"?>
<!-- Generated by org.testng.reporters.JUnitReportReporter -->
<testsuite hostname="DESKTOP-782IHJC" failures="0" tests="1" name="tests.editCustomerTest" time="19.878" errors="0" timestamp="2024-10-14T22:05:35 EEST" skipped="0">
  <testcase classname="tests.editCustomerTest" name="Edit_Customer" time="19.878"/>
</testsuite> <!-- tests.editCustomerTest -->
